<?xml version="1.0" encoding="UTF-8"?>
<testng-results ignored="0" total="3" passed="3" failed="0" skipped="0">
  <reporter-output>
  </reporter-output>
  <suite started-at="2023-08-17T23:04:11 IST" name="Default suite" finished-at="2023-08-17T23:04:18 IST" duration-ms="7124">
    <groups>
    </groups>
    <test started-at="2023-08-17T23:04:11 IST" name="Default test" finished-at="2023-08-17T23:04:18 IST" duration-ms="7124">
      <class name="programs.Test1">
        <test-method signature="method1()[pri:1, instance:programs.Test1@2034b64c]" started-at="2023-08-17T23:04:11 IST" name="method1" finished-at="2023-08-17T23:04:18 IST" duration-ms="6911" status="PASS">
          <reporter-output>
          </reporter-output>
        </test-method> <!-- method1 -->
        <test-method signature="method2()[pri:2, instance:programs.Test1@2034b64c]" started-at="2023-08-17T23:04:18 IST" name="method2" finished-at="2023-08-17T23:04:18 IST" duration-ms="29" status="PASS">
          <reporter-output>
          </reporter-output>
        </test-method> <!-- method2 -->
        <test-method signature="method3()[pri:3, instance:programs.Test1@2034b64c]" started-at="2023-08-17T23:04:18 IST" name="method3" finished-at="2023-08-17T23:04:18 IST" duration-ms="116" status="PASS">
          <reporter-output>
          </reporter-output>
        </test-method> <!-- method3 -->
      </class> <!-- programs.Test1 -->
    </test> <!-- Default test -->
  </suite> <!-- Default suite -->
</testng-results>
