<?xml version="1.0" encoding="UTF-8"?>
<testng-results ignored="0" total="2" passed="2" failed="0" skipped="0">
  <reporter-output>
  </reporter-output>
  <suite started-at="2023-08-18T00:44:57 IST" name="Default suite" finished-at="2023-08-18T00:45:50 IST" duration-ms="52668">
    <groups>
    </groups>
    <test started-at="2023-08-18T00:44:57 IST" name="Default test" finished-at="2023-08-18T00:45:50 IST" duration-ms="52668">
      <class name="programs.Test2">
        <test-method signature="method1()[pri:1, instance:programs.Test2@1cf6d1be]" started-at="2023-08-18T00:44:57 IST" name="method1" finished-at="2023-08-18T00:45:50 IST" duration-ms="52427" status="PASS">
          <reporter-output>
          </reporter-output>
        </test-method> <!-- method1 -->
        <test-method signature="method2()[pri:2, instance:programs.Test2@1cf6d1be]" started-at="2023-08-18T00:45:50 IST" name="method2" finished-at="2023-08-18T00:45:50 IST" duration-ms="87" status="PASS">
          <reporter-output>
          </reporter-output>
        </test-method> <!-- method2 -->
      </class> <!-- programs.Test2 -->
    </test> <!-- Default test -->
  </suite> <!-- Default suite -->
</testng-results>
